  [4;36;1mSQL (0.0ms)[0m   [0;1mSET NAMES 'utf8'[0m
  [4;35;1mSQL (0.0ms)[0m   [0mSET SQL_AUTO_IS_NULL=0[0m
  [4;36;1mSQL (0.0ms)[0m   [0;1mSHOW TABLES[0m
  [4;35;1mSQL (297.0ms)[0m   [0mCREATE TABLE `schema_migrations` (`version` varchar(255) NOT NULL) ENGINE=InnoDB[0m
  [4;36;1mSQL (452.0ms)[0m   [0;1mCREATE UNIQUE INDEX `unique_schema_migrations` ON `schema_migrations` (`version`)[0m
  [4;35;1mSQL (0.0ms)[0m   [0mSHOW TABLES[0m
  [4;36;1mSQL (0.0ms)[0m   [0;1mSELECT version FROM schema_migrations[0m
Migrating to CreateUsers (20091203192737)
  [4;35;1mSQL (109.0ms)[0m   [0mCREATE TABLE `users` (`id` int(11) DEFAULT NULL auto_increment PRIMARY KEY, `email` varchar(255), `first_name` varchar(255), `last_name` varchar(255), `crypted_password` varchar(255), `admin` tinyint(1), `remember_token` varchar(255), `remember_token_expires_at` datetime, `created_at` datetime, `updated_at` datetime) ENGINE=InnoDB[0m
  [4;36;1mSQL (63.0ms)[0m   [0;1mINSERT INTO schema_migrations (version) VALUES ('20091203192737')[0m
Migrating to CreateAirlines (20091203193345)
  [4;35;1mSQL (94.0ms)[0m   [0mCREATE TABLE `airlines` (`id` int(11) DEFAULT NULL auto_increment PRIMARY KEY, `name` varchar(255), `user_id` int(11), `satisfaction_rating` float, `created_at` datetime, `updated_at` datetime) ENGINE=InnoDB[0m
  [4;36;1mSQL (31.0ms)[0m   [0;1mINSERT INTO schema_migrations (version) VALUES ('20091203193345')[0m
Migrating to CreateCurrencies (20091203193516)
  [4;35;1mSQL (109.0ms)[0m   [0mCREATE TABLE `currencies` (`id` int(11) DEFAULT NULL auto_increment PRIMARY KEY, `name` varchar(255), `ratio_to_flc` float, `created_at` datetime, `updated_at` datetime) ENGINE=InnoDB[0m
  [4;36;1mSQL (31.0ms)[0m   [0;1mINSERT INTO schema_migrations (version) VALUES ('20091203193516')[0m
Migrating to CreateAccounts (20091203193734)
  [4;35;1mSQL (93.0ms)[0m   [0mCREATE TABLE `accounts` (`id` int(11) DEFAULT NULL auto_increment PRIMARY KEY, `user_id` int(11), `currency_id` varchar(255), `balance` float, `created_at` datetime, `updated_at` datetime) ENGINE=InnoDB[0m
  [4;36;1mSQL (32.0ms)[0m   [0;1mINSERT INTO schema_migrations (version) VALUES ('20091203193734')[0m
Migrating to CreateCountries (20091203194732)
  [4;35;1mSQL (187.0ms)[0m   [0mCREATE TABLE `countries` (`id` int(11) DEFAULT NULL auto_increment PRIMARY KEY, `name` varchar(255), `printable_name` varchar(255), `iso3` varchar(255), `numcode` int(11), `created_at` datetime, `updated_at` datetime) ENGINE=InnoDB[0m
  [4;36;1mSQL (63.0ms)[0m   [0;1mINSERT INTO schema_migrations (version) VALUES ('20091203194732')[0m
  [4;35;1mSQL (0.0ms)[0m   [0mSHOW TABLES[0m
  [4;36;1mSQL (0.0ms)[0m   [0;1mSELECT version FROM schema_migrations[0m
  [4;35;1mSQL (0.0ms)[0m   [0mSHOW TABLES[0m
  [4;36;1mSQL (0.0ms)[0m   [0;1mSHOW FIELDS FROM `accounts`[0m
  [4;35;1mSQL (15.0ms)[0m   [0mdescribe `accounts`[0m
  [4;36;1mSQL (0.0ms)[0m   [0;1mSHOW KEYS FROM `accounts`[0m
  [4;35;1mSQL (0.0ms)[0m   [0mSHOW FIELDS FROM `airlines`[0m
  [4;36;1mSQL (0.0ms)[0m   [0;1mdescribe `airlines`[0m
  [4;35;1mSQL (16.0ms)[0m   [0mSHOW KEYS FROM `airlines`[0m
  [4;36;1mSQL (0.0ms)[0m   [0;1mSHOW FIELDS FROM `countries`[0m
  [4;35;1mSQL (0.0ms)[0m   [0mdescribe `countries`[0m
  [4;36;1mSQL (0.0ms)[0m   [0;1mSHOW KEYS FROM `countries`[0m
  [4;35;1mSQL (15.0ms)[0m   [0mSHOW FIELDS FROM `currencies`[0m
  [4;36;1mSQL (0.0ms)[0m   [0;1mdescribe `currencies`[0m
  [4;35;1mSQL (0.0ms)[0m   [0mSHOW KEYS FROM `currencies`[0m
  [4;36;1mSQL (0.0ms)[0m   [0;1mSHOW FIELDS FROM `users`[0m
  [4;35;1mSQL (0.0ms)[0m   [0mdescribe `users`[0m
  [4;36;1mSQL (0.0ms)[0m   [0;1mSHOW KEYS FROM `users`[0m
  [4;36;1mSQL (0.0ms)[0m   [0;1mSET NAMES 'utf8'[0m
  [4;35;1mSQL (0.0ms)[0m   [0mSET SQL_AUTO_IS_NULL=0[0m


Processing Rails::InfoController#properties (for 127.0.0.1 at 2009-12-03 13:13:56) [GET]
  [4;36;1mSQL (0.0ms)[0m   [0;1mSHOW TABLES[0m
  [4;35;1mSQL (0.0ms)[0m   [0mSELECT version FROM schema_migrations[0m
Completed in 78ms (View: 0, DB: 0) | 200 OK [http://localhost/rails/info/properties]
  [4;36;1mSQL (0.0ms)[0m   [0;1mSET NAMES 'utf8'[0m
  [4;35;1mSQL (0.0ms)[0m   [0mSET SQL_AUTO_IS_NULL=0[0m
  [4;36;1mSQL (0.0ms)[0m   [0;1mSHOW TABLES[0m
  [4;35;1mUser Columns (0.0ms)[0m   [0mSHOW FIELDS FROM `users`[0m
  [4;36;1mSQL (0.0ms)[0m   [0;1mSHOW TABLES[0m
  [4;35;1mUser Columns (0.0ms)[0m   [0mSHOW FIELDS FROM `users`[0m
  [4;36;1mSQL (0.0ms)[0m   [0;1mSHOW TABLES[0m
  [4;35;1mUser Columns (0.0ms)[0m   [0mSHOW FIELDS FROM `users`[0m
  [4;36;1mSQL (0.0ms)[0m   [0;1mSET NAMES 'utf8'[0m
  [4;35;1mSQL (0.0ms)[0m   [0mSET SQL_AUTO_IS_NULL=0[0m
  [4;36;1mSQL (0.0ms)[0m   [0;1mSHOW TABLES[0m
  [4;35;1mUser Columns (0.0ms)[0m   [0mSHOW FIELDS FROM `users`[0m
  [4;36;1mUser Columns (0.0ms)[0m   [0;1mSHOW FIELDS FROM `users`[0m
  [4;36;1mSQL (0.0ms)[0m   [0;1mSET NAMES 'utf8'[0m
  [4;35;1mSQL (0.0ms)[0m   [0mSET SQL_AUTO_IS_NULL=0[0m
  [4;36;1mUser Columns (16.0ms)[0m   [0;1mSHOW FIELDS FROM `users`[0m
  [4;35;1mAccount Columns (0.0ms)[0m   [0mSHOW FIELDS FROM `accounts`[0m
  [4;36;1mSQL (0.0ms)[0m   [0;1mSET NAMES 'utf8'[0m
  [4;35;1mSQL (0.0ms)[0m   [0mSET SQL_AUTO_IS_NULL=0[0m
  [4;36;1mSQL (0.0ms)[0m   [0;1mSHOW TABLES[0m
  [4;35;1mSQL (0.0ms)[0m   [0mSELECT version FROM schema_migrations[0m
Migrating to CreateUsers (20091203192737)
Migrating to CreateAirlines (20091203193345)
Migrating to CreateCurrencies (20091203193516)
Migrating to CreateAccounts (20091203193734)
Migrating to CreateCountries (20091203194732)
Migrating to CreateAirports (20091203214829)
  [4;36;1mSQL (110.0ms)[0m   [0;1mCREATE TABLE `airports` (`id` int(11) DEFAULT NULL auto_increment PRIMARY KEY, `name` varchar(255), `city` varchar(255), `country_id` int(11), `longitude` varchar(255), `latitude` varchar(255), `timezone_id` int(11), `created_at` datetime, `updated_at` datetime) ENGINE=InnoDB[0m
  [4;35;1mSQL (31.0ms)[0m   [0mINSERT INTO schema_migrations (version) VALUES ('20091203214829')[0m
  [4;36;1mSQL (0.0ms)[0m   [0;1mSHOW TABLES[0m
  [4;35;1mSQL (0.0ms)[0m   [0mSELECT version FROM schema_migrations[0m
  [4;36;1mSQL (0.0ms)[0m   [0;1mSHOW TABLES[0m
  [4;35;1mSQL (0.0ms)[0m   [0mSHOW FIELDS FROM `accounts`[0m
  [4;36;1mSQL (0.0ms)[0m   [0;1mdescribe `accounts`[0m
  [4;35;1mSQL (0.0ms)[0m   [0mSHOW KEYS FROM `accounts`[0m
  [4;36;1mSQL (15.0ms)[0m   [0;1mSHOW FIELDS FROM `airlines`[0m
  [4;35;1mSQL (0.0ms)[0m   [0mdescribe `airlines`[0m
  [4;36;1mSQL (0.0ms)[0m   [0;1mSHOW KEYS FROM `airlines`[0m
  [4;35;1mSQL (0.0ms)[0m   [0mSHOW FIELDS FROM `airports`[0m
  [4;36;1mSQL (0.0ms)[0m   [0;1mdescribe `airports`[0m
  [4;35;1mSQL (0.0ms)[0m   [0mSHOW KEYS FROM `airports`[0m
  [4;36;1mSQL (0.0ms)[0m   [0;1mSHOW FIELDS FROM `countries`[0m
  [4;35;1mSQL (0.0ms)[0m   [0mdescribe `countries`[0m
  [4;36;1mSQL (16.0ms)[0m   [0;1mSHOW KEYS FROM `countries`[0m
  [4;35;1mSQL (0.0ms)[0m   [0mSHOW FIELDS FROM `currencies`[0m
  [4;36;1mSQL (0.0ms)[0m   [0;1mdescribe `currencies`[0m
  [4;35;1mSQL (0.0ms)[0m   [0mSHOW KEYS FROM `currencies`[0m
  [4;36;1mSQL (0.0ms)[0m   [0;1mSHOW FIELDS FROM `users`[0m
  [4;35;1mSQL (0.0ms)[0m   [0mdescribe `users`[0m
  [4;36;1mSQL (0.0ms)[0m   [0;1mSHOW KEYS FROM `users`[0m
